2025-12-03T12:28:59.269Z - ERROR: Error: read ECONNRESET
    at PromisePool.query (D:\Company Project\Job-spark\server\node_modules\mysql2\lib\promise\pool.js:36:22)
    at getjobs (D:\Company Project\Job-spark\server\src\api\jobs\get-jobs.js:33:31)
    at Layer.handleRequest (D:\Company Project\Job-spark\server\node_modules\router\lib\layer.js:152:17)
    at next (D:\Company Project\Job-spark\server\node_modules\router\lib\route.js:157:13)
    at Route.dispatch (D:\Company Project\Job-spark\server\node_modules\router\lib\route.js:117:3)
    at handle (D:\Company Project\Job-spark\server\node_modules\router\index.js:435:11)
    at Layer.handleRequest (D:\Company Project\Job-spark\server\node_modules\router\lib\layer.js:152:17)
    at D:\Company Project\Job-spark\server\node_modules\router\index.js:295:15
    at processParams (D:\Company Project\Job-spark\server\node_modules\router\index.js:582:12)
    at next (D:\Company Project\Job-spark\server\node_modules\router\index.js:291:5)
2025-12-03T12:29:09.290Z - ERROR: Error: connect ETIMEDOUT
    at PromisePool.query (D:\Company Project\Job-spark\server\node_modules\mysql2\lib\promise\pool.js:36:22)
    at getjobs (D:\Company Project\Job-spark\server\src\api\jobs\get-jobs.js:33:31)
    at Layer.handleRequest (D:\Company Project\Job-spark\server\node_modules\router\lib\layer.js:152:17)
    at next (D:\Company Project\Job-spark\server\node_modules\router\lib\route.js:157:13)
    at Route.dispatch (D:\Company Project\Job-spark\server\node_modules\router\lib\route.js:117:3)
    at handle (D:\Company Project\Job-spark\server\node_modules\router\index.js:435:11)
    at Layer.handleRequest (D:\Company Project\Job-spark\server\node_modules\router\lib\layer.js:152:17)
    at D:\Company Project\Job-spark\server\node_modules\router\index.js:295:15
    at processParams (D:\Company Project\Job-spark\server\node_modules\router\index.js:582:12)
    at next (D:\Company Project\Job-spark\server\node_modules\router\index.js:291:5)
2025-12-03T12:29:12.883Z - ERROR: Error: connect ETIMEDOUT
    at PromisePool.query (D:\Company Project\Job-spark\server\node_modules\mysql2\lib\promise\pool.js:36:22)
    at getjobs (D:\Company Project\Job-spark\server\src\api\jobs\get-jobs.js:33:31)
    at Layer.handleRequest (D:\Company Project\Job-spark\server\node_modules\router\lib\layer.js:152:17)
    at next (D:\Company Project\Job-spark\server\node_modules\router\lib\route.js:157:13)
    at Route.dispatch (D:\Company Project\Job-spark\server\node_modules\router\lib\route.js:117:3)
    at handle (D:\Company Project\Job-spark\server\node_modules\router\index.js:435:11)
    at Layer.handleRequest (D:\Company Project\Job-spark\server\node_modules\router\lib\layer.js:152:17)
    at D:\Company Project\Job-spark\server\node_modules\router\index.js:295:15
    at processParams (D:\Company Project\Job-spark\server\node_modules\router\index.js:582:12)
    at next (D:\Company Project\Job-spark\server\node_modules\router\index.js:291:5)
2025-12-03T12:29:22.899Z - ERROR: Error: connect ETIMEDOUT
    at PromisePool.query (D:\Company Project\Job-spark\server\node_modules\mysql2\lib\promise\pool.js:36:22)
    at getjobs (D:\Company Project\Job-spark\server\src\api\jobs\get-jobs.js:33:31)
    at Layer.handleRequest (D:\Company Project\Job-spark\server\node_modules\router\lib\layer.js:152:17)
    at next (D:\Company Project\Job-spark\server\node_modules\router\lib\route.js:157:13)
    at Route.dispatch (D:\Company Project\Job-spark\server\node_modules\router\lib\route.js:117:3)
    at handle (D:\Company Project\Job-spark\server\node_modules\router\index.js:435:11)
    at Layer.handleRequest (D:\Company Project\Job-spark\server\node_modules\router\lib\layer.js:152:17)
    at D:\Company Project\Job-spark\server\node_modules\router\index.js:295:15
    at processParams (D:\Company Project\Job-spark\server\node_modules\router\index.js:582:12)
    at next (D:\Company Project\Job-spark\server\node_modules\router\index.js:291:5)
2025-12-03T12:30:02.371Z - ERROR: Error: connect ETIMEDOUT
    at PromisePool.query (D:\Company Project\Job-spark\server\node_modules\mysql2\lib\promise\pool.js:36:22)
    at getjobs (D:\Company Project\Job-spark\server\src\api\jobs\get-jobs.js:33:31)
    at Layer.handleRequest (D:\Company Project\Job-spark\server\node_modules\router\lib\layer.js:152:17)
    at next (D:\Company Project\Job-spark\server\node_modules\router\lib\route.js:157:13)
    at Route.dispatch (D:\Company Project\Job-spark\server\node_modules\router\lib\route.js:117:3)
    at handle (D:\Company Project\Job-spark\server\node_modules\router\index.js:435:11)
    at Layer.handleRequest (D:\Company Project\Job-spark\server\node_modules\router\lib\layer.js:152:17)
    at D:\Company Project\Job-spark\server\node_modules\router\index.js:295:15
    at processParams (D:\Company Project\Job-spark\server\node_modules\router\index.js:582:12)
    at next (D:\Company Project\Job-spark\server\node_modules\router\index.js:291:5)
2025-12-03T12:30:04.281Z - ERROR: Error: connect ETIMEDOUT
    at PromisePool.query (D:\Company Project\Job-spark\server\node_modules\mysql2\lib\promise\pool.js:36:22)
    at getjobs (D:\Company Project\Job-spark\server\src\api\jobs\get-jobs.js:33:31)
    at Layer.handleRequest (D:\Company Project\Job-spark\server\node_modules\router\lib\layer.js:152:17)
    at next (D:\Company Project\Job-spark\server\node_modules\router\lib\route.js:157:13)
    at Route.dispatch (D:\Company Project\Job-spark\server\node_modules\router\lib\route.js:117:3)
    at handle (D:\Company Project\Job-spark\server\node_modules\router\index.js:435:11)
    at Layer.handleRequest (D:\Company Project\Job-spark\server\node_modules\router\lib\layer.js:152:17)
    at D:\Company Project\Job-spark\server\node_modules\router\index.js:295:15
    at processParams (D:\Company Project\Job-spark\server\node_modules\router\index.js:582:12)
    at next (D:\Company Project\Job-spark\server\node_modules\router\index.js:291:5)
2025-12-03T12:30:07.703Z - ERROR: Error: connect ETIMEDOUT
    at PromisePool.query (D:\Company Project\Job-spark\server\node_modules\mysql2\lib\promise\pool.js:36:22)
    at getjobs (D:\Company Project\Job-spark\server\src\api\jobs\get-jobs.js:33:31)
    at Layer.handleRequest (D:\Company Project\Job-spark\server\node_modules\router\lib\layer.js:152:17)
    at next (D:\Company Project\Job-spark\server\node_modules\router\lib\route.js:157:13)
    at Route.dispatch (D:\Company Project\Job-spark\server\node_modules\router\lib\route.js:117:3)
    at handle (D:\Company Project\Job-spark\server\node_modules\router\index.js:435:11)
    at Layer.handleRequest (D:\Company Project\Job-spark\server\node_modules\router\lib\layer.js:152:17)
    at D:\Company Project\Job-spark\server\node_modules\router\index.js:295:15
    at processParams (D:\Company Project\Job-spark\server\node_modules\router\index.js:582:12)
    at next (D:\Company Project\Job-spark\server\node_modules\router\index.js:291:5)
2025-12-03T12:30:14.310Z - ERROR: Error: connect ETIMEDOUT
    at PromisePool.query (D:\Company Project\Job-spark\server\node_modules\mysql2\lib\promise\pool.js:36:22)
    at getjobs (D:\Company Project\Job-spark\server\src\api\jobs\get-jobs.js:33:31)
    at Layer.handleRequest (D:\Company Project\Job-spark\server\node_modules\router\lib\layer.js:152:17)
    at next (D:\Company Project\Job-spark\server\node_modules\router\lib\route.js:157:13)
    at Route.dispatch (D:\Company Project\Job-spark\server\node_modules\router\lib\route.js:117:3)
    at handle (D:\Company Project\Job-spark\server\node_modules\router\index.js:435:11)
    at Layer.handleRequest (D:\Company Project\Job-spark\server\node_modules\router\lib\layer.js:152:17)
    at D:\Company Project\Job-spark\server\node_modules\router\index.js:295:15
    at processParams (D:\Company Project\Job-spark\server\node_modules\router\index.js:582:12)
    at next (D:\Company Project\Job-spark\server\node_modules\router\index.js:291:5)
2025-12-03T12:30:17.742Z - ERROR: Error: connect ETIMEDOUT
    at PromisePool.query (D:\Company Project\Job-spark\server\node_modules\mysql2\lib\promise\pool.js:36:22)
    at getjobs (D:\Company Project\Job-spark\server\src\api\jobs\get-jobs.js:33:31)
    at Layer.handleRequest (D:\Company Project\Job-spark\server\node_modules\router\lib\layer.js:152:17)
    at next (D:\Company Project\Job-spark\server\node_modules\router\lib\route.js:157:13)
    at Route.dispatch (D:\Company Project\Job-spark\server\node_modules\router\lib\route.js:117:3)
    at handle (D:\Company Project\Job-spark\server\node_modules\router\index.js:435:11)
    at Layer.handleRequest (D:\Company Project\Job-spark\server\node_modules\router\lib\layer.js:152:17)
    at D:\Company Project\Job-spark\server\node_modules\router\index.js:295:15
    at processParams (D:\Company Project\Job-spark\server\node_modules\router\index.js:582:12)
    at next (D:\Company Project\Job-spark\server\node_modules\router\index.js:291:5)
2025-12-03T12:30:37.743Z - ERROR: Error: connect ETIMEDOUT
    at PromisePool.query (D:\Company Project\Job-spark\server\node_modules\mysql2\lib\promise\pool.js:36:22)
    at getjobs (D:\Company Project\Job-spark\server\src\api\jobs\get-jobs.js:33:31)
    at Layer.handleRequest (D:\Company Project\Job-spark\server\node_modules\router\lib\layer.js:152:17)
    at next (D:\Company Project\Job-spark\server\node_modules\router\lib\route.js:157:13)
    at Route.dispatch (D:\Company Project\Job-spark\server\node_modules\router\lib\route.js:117:3)
    at handle (D:\Company Project\Job-spark\server\node_modules\router\index.js:435:11)
    at Layer.handleRequest (D:\Company Project\Job-spark\server\node_modules\router\lib\layer.js:152:17)
    at D:\Company Project\Job-spark\server\node_modules\router\index.js:295:15
    at processParams (D:\Company Project\Job-spark\server\node_modules\router\index.js:582:12)
    at next (D:\Company Project\Job-spark\server\node_modules\router\index.js:291:5)
2025-12-09T16:01:23.664Z - ERROR: Error: connect ETIMEDOUT
    at PromisePool.query (C:\Users\CreativeStudio24\Desktop\Job-spark\server\node_modules\mysql2\lib\promise\pool.js:36:22)
    at getjobs (C:\Users\CreativeStudio24\Desktop\Job-spark\server\src\api\jobs\get-jobs.js:34:31)
    at Layer.handleRequest (C:\Users\CreativeStudio24\Desktop\Job-spark\server\node_modules\router\lib\layer.js:152:17)
    at next (C:\Users\CreativeStudio24\Desktop\Job-spark\server\node_modules\router\lib\route.js:157:13)
    at Route.dispatch (C:\Users\CreativeStudio24\Desktop\Job-spark\server\node_modules\router\lib\route.js:117:3)
    at handle (C:\Users\CreativeStudio24\Desktop\Job-spark\server\node_modules\router\index.js:435:11)
    at Layer.handleRequest (C:\Users\CreativeStudio24\Desktop\Job-spark\server\node_modules\router\lib\layer.js:152:17)
    at C:\Users\CreativeStudio24\Desktop\Job-spark\server\node_modules\router\index.js:295:15
    at processParams (C:\Users\CreativeStudio24\Desktop\Job-spark\server\node_modules\router\index.js:582:12)
    at next (C:\Users\CreativeStudio24\Desktop\Job-spark\server\node_modules\router\index.js:291:5)
2025-12-09T16:01:33.692Z - ERROR: Error: connect ETIMEDOUT
    at PromisePool.query (C:\Users\CreativeStudio24\Desktop\Job-spark\server\node_modules\mysql2\lib\promise\pool.js:36:22)
    at getjobs (C:\Users\CreativeStudio24\Desktop\Job-spark\server\src\api\jobs\get-jobs.js:34:31)
    at Layer.handleRequest (C:\Users\CreativeStudio24\Desktop\Job-spark\server\node_modules\router\lib\layer.js:152:17)
    at next (C:\Users\CreativeStudio24\Desktop\Job-spark\server\node_modules\router\lib\route.js:157:13)
    at Route.dispatch (C:\Users\CreativeStudio24\Desktop\Job-spark\server\node_modules\router\lib\route.js:117:3)
    at handle (C:\Users\CreativeStudio24\Desktop\Job-spark\server\node_modules\router\index.js:435:11)
    at Layer.handleRequest (C:\Users\CreativeStudio24\Desktop\Job-spark\server\node_modules\router\lib\layer.js:152:17)
    at C:\Users\CreativeStudio24\Desktop\Job-spark\server\node_modules\router\index.js:295:15
    at processParams (C:\Users\CreativeStudio24\Desktop\Job-spark\server\node_modules\router\index.js:582:12)
    at next (C:\Users\CreativeStudio24\Desktop\Job-spark\server\node_modules\router\index.js:291:5)
2025-12-11T10:34:04.022Z - ERROR: Error: connect ETIMEDOUT
    at PromisePool.query (C:\Users\CreativeStudio24\Desktop\Job-spark\server\node_modules\mysql2\lib\promise\pool.js:36:22)
    at getjobs (C:\Users\CreativeStudio24\Desktop\Job-spark\server\src\api\jobs\get-jobs.js:34:31)
    at Layer.handleRequest (C:\Users\CreativeStudio24\Desktop\Job-spark\server\node_modules\router\lib\layer.js:152:17)
    at next (C:\Users\CreativeStudio24\Desktop\Job-spark\server\node_modules\router\lib\route.js:157:13)
    at Route.dispatch (C:\Users\CreativeStudio24\Desktop\Job-spark\server\node_modules\router\lib\route.js:117:3)
    at handle (C:\Users\CreativeStudio24\Desktop\Job-spark\server\node_modules\router\index.js:435:11)
    at Layer.handleRequest (C:\Users\CreativeStudio24\Desktop\Job-spark\server\node_modules\router\lib\layer.js:152:17)
    at C:\Users\CreativeStudio24\Desktop\Job-spark\server\node_modules\router\index.js:295:15
    at processParams (C:\Users\CreativeStudio24\Desktop\Job-spark\server\node_modules\router\index.js:582:12)
    at next (C:\Users\CreativeStudio24\Desktop\Job-spark\server\node_modules\router\index.js:291:5)
2025-12-11T10:34:14.039Z - ERROR: Error: connect ETIMEDOUT
    at PromisePool.query (C:\Users\CreativeStudio24\Desktop\Job-spark\server\node_modules\mysql2\lib\promise\pool.js:36:22)
    at getjobs (C:\Users\CreativeStudio24\Desktop\Job-spark\server\src\api\jobs\get-jobs.js:34:31)
    at Layer.handleRequest (C:\Users\CreativeStudio24\Desktop\Job-spark\server\node_modules\router\lib\layer.js:152:17)
    at next (C:\Users\CreativeStudio24\Desktop\Job-spark\server\node_modules\router\lib\route.js:157:13)
    at Route.dispatch (C:\Users\CreativeStudio24\Desktop\Job-spark\server\node_modules\router\lib\route.js:117:3)
    at handle (C:\Users\CreativeStudio24\Desktop\Job-spark\server\node_modules\router\index.js:435:11)
    at Layer.handleRequest (C:\Users\CreativeStudio24\Desktop\Job-spark\server\node_modules\router\lib\layer.js:152:17)
    at C:\Users\CreativeStudio24\Desktop\Job-spark\server\node_modules\router\index.js:295:15
    at processParams (C:\Users\CreativeStudio24\Desktop\Job-spark\server\node_modules\router\index.js:582:12)
    at next (C:\Users\CreativeStudio24\Desktop\Job-spark\server\node_modules\router\index.js:291:5)
2025-12-11T10:52:16.776Z - ERROR: Error: connect ETIMEDOUT
    at PromisePool.query (C:\Users\CreativeStudio24\Desktop\Job-spark\server\node_modules\mysql2\lib\promise\pool.js:36:22)
    at getjobs (C:\Users\CreativeStudio24\Desktop\Job-spark\server\src\api\jobs\get-jobs.js:34:31)
    at Layer.handleRequest (C:\Users\CreativeStudio24\Desktop\Job-spark\server\node_modules\router\lib\layer.js:152:17)
    at next (C:\Users\CreativeStudio24\Desktop\Job-spark\server\node_modules\router\lib\route.js:157:13)
    at Route.dispatch (C:\Users\CreativeStudio24\Desktop\Job-spark\server\node_modules\router\lib\route.js:117:3)
    at handle (C:\Users\CreativeStudio24\Desktop\Job-spark\server\node_modules\router\index.js:435:11)
    at Layer.handleRequest (C:\Users\CreativeStudio24\Desktop\Job-spark\server\node_modules\router\lib\layer.js:152:17)
    at C:\Users\CreativeStudio24\Desktop\Job-spark\server\node_modules\router\index.js:295:15
    at processParams (C:\Users\CreativeStudio24\Desktop\Job-spark\server\node_modules\router\index.js:582:12)
    at next (C:\Users\CreativeStudio24\Desktop\Job-spark\server\node_modules\router\index.js:291:5)
2025-12-11T10:52:26.786Z - ERROR: Error: connect ETIMEDOUT
    at PromisePool.query (C:\Users\CreativeStudio24\Desktop\Job-spark\server\node_modules\mysql2\lib\promise\pool.js:36:22)
    at getjobs (C:\Users\CreativeStudio24\Desktop\Job-spark\server\src\api\jobs\get-jobs.js:34:31)
    at Layer.handleRequest (C:\Users\CreativeStudio24\Desktop\Job-spark\server\node_modules\router\lib\layer.js:152:17)
    at next (C:\Users\CreativeStudio24\Desktop\Job-spark\server\node_modules\router\lib\route.js:157:13)
    at Route.dispatch (C:\Users\CreativeStudio24\Desktop\Job-spark\server\node_modules\router\lib\route.js:117:3)
    at handle (C:\Users\CreativeStudio24\Desktop\Job-spark\server\node_modules\router\index.js:435:11)
    at Layer.handleRequest (C:\Users\CreativeStudio24\Desktop\Job-spark\server\node_modules\router\lib\layer.js:152:17)
    at C:\Users\CreativeStudio24\Desktop\Job-spark\server\node_modules\router\index.js:295:15
    at processParams (C:\Users\CreativeStudio24\Desktop\Job-spark\server\node_modules\router\index.js:582:12)
    at next (C:\Users\CreativeStudio24\Desktop\Job-spark\server\node_modules\router\index.js:291:5)
2025-12-14T16:55:46.288Z - ERROR: Error: Unknown column 'j.salary' in 'field list'
    at PromisePool.query (C:\Users\CreativeStudio24\Desktop\Job-spark\server\node_modules\mysql2\lib\promise\pool.js:36:22)
    at getjobs (C:\Users\CreativeStudio24\Desktop\Job-spark\server\src\api\jobs\get-jobs.js:83:31)
    at Layer.handleRequest (C:\Users\CreativeStudio24\Desktop\Job-spark\server\node_modules\router\lib\layer.js:152:17)
    at next (C:\Users\CreativeStudio24\Desktop\Job-spark\server\node_modules\router\lib\route.js:157:13)
    at Route.dispatch (C:\Users\CreativeStudio24\Desktop\Job-spark\server\node_modules\router\lib\route.js:117:3)
    at handle (C:\Users\CreativeStudio24\Desktop\Job-spark\server\node_modules\router\index.js:435:11)
    at Layer.handleRequest (C:\Users\CreativeStudio24\Desktop\Job-spark\server\node_modules\router\lib\layer.js:152:17)
    at C:\Users\CreativeStudio24\Desktop\Job-spark\server\node_modules\router\index.js:295:15
    at processParams (C:\Users\CreativeStudio24\Desktop\Job-spark\server\node_modules\router\index.js:582:12)
    at next (C:\Users\CreativeStudio24\Desktop\Job-spark\server\node_modules\router\index.js:291:5)
2025-12-14T16:55:46.309Z - ERROR: Error: Unknown column 'j.salary' in 'field list'
    at PromisePool.query (C:\Users\CreativeStudio24\Desktop\Job-spark\server\node_modules\mysql2\lib\promise\pool.js:36:22)
    at getjobs (C:\Users\CreativeStudio24\Desktop\Job-spark\server\src\api\jobs\get-jobs.js:83:31)
    at Layer.handleRequest (C:\Users\CreativeStudio24\Desktop\Job-spark\server\node_modules\router\lib\layer.js:152:17)
    at next (C:\Users\CreativeStudio24\Desktop\Job-spark\server\node_modules\router\lib\route.js:157:13)
    at Route.dispatch (C:\Users\CreativeStudio24\Desktop\Job-spark\server\node_modules\router\lib\route.js:117:3)
    at handle (C:\Users\CreativeStudio24\Desktop\Job-spark\server\node_modules\router\index.js:435:11)
    at Layer.handleRequest (C:\Users\CreativeStudio24\Desktop\Job-spark\server\node_modules\router\lib\layer.js:152:17)
    at C:\Users\CreativeStudio24\Desktop\Job-spark\server\node_modules\router\index.js:295:15
    at processParams (C:\Users\CreativeStudio24\Desktop\Job-spark\server\node_modules\router\index.js:582:12)
    at next (C:\Users\CreativeStudio24\Desktop\Job-spark\server\node_modules\router\index.js:291:5)
2025-12-14T17:10:43.650Z - ERROR: Error: Unknown column 'j.salary' in 'field list'
    at PromisePool.query (C:\Users\CreativeStudio24\Desktop\Job-spark\server\node_modules\mysql2\lib\promise\pool.js:36:22)
    at getjobs (C:\Users\CreativeStudio24\Desktop\Job-spark\server\src\api\jobs\get-jobs.js:83:31)
    at Layer.handleRequest (C:\Users\CreativeStudio24\Desktop\Job-spark\server\node_modules\router\lib\layer.js:152:17)
    at next (C:\Users\CreativeStudio24\Desktop\Job-spark\server\node_modules\router\lib\route.js:157:13)
    at Route.dispatch (C:\Users\CreativeStudio24\Desktop\Job-spark\server\node_modules\router\lib\route.js:117:3)
    at handle (C:\Users\CreativeStudio24\Desktop\Job-spark\server\node_modules\router\index.js:435:11)
    at Layer.handleRequest (C:\Users\CreativeStudio24\Desktop\Job-spark\server\node_modules\router\lib\layer.js:152:17)
    at C:\Users\CreativeStudio24\Desktop\Job-spark\server\node_modules\router\index.js:295:15
    at processParams (C:\Users\CreativeStudio24\Desktop\Job-spark\server\node_modules\router\index.js:582:12)
    at next (C:\Users\CreativeStudio24\Desktop\Job-spark\server\node_modules\router\index.js:291:5)
2025-12-14T17:10:43.662Z - ERROR: Error: Unknown column 'j.salary' in 'field list'
    at PromisePool.query (C:\Users\CreativeStudio24\Desktop\Job-spark\server\node_modules\mysql2\lib\promise\pool.js:36:22)
    at getjobs (C:\Users\CreativeStudio24\Desktop\Job-spark\server\src\api\jobs\get-jobs.js:83:31)
    at Layer.handleRequest (C:\Users\CreativeStudio24\Desktop\Job-spark\server\node_modules\router\lib\layer.js:152:17)
    at next (C:\Users\CreativeStudio24\Desktop\Job-spark\server\node_modules\router\lib\route.js:157:13)
    at Route.dispatch (C:\Users\CreativeStudio24\Desktop\Job-spark\server\node_modules\router\lib\route.js:117:3)
    at handle (C:\Users\CreativeStudio24\Desktop\Job-spark\server\node_modules\router\index.js:435:11)
    at Layer.handleRequest (C:\Users\CreativeStudio24\Desktop\Job-spark\server\node_modules\router\lib\layer.js:152:17)
    at C:\Users\CreativeStudio24\Desktop\Job-spark\server\node_modules\router\index.js:295:15
    at processParams (C:\Users\CreativeStudio24\Desktop\Job-spark\server\node_modules\router\index.js:582:12)
    at next (C:\Users\CreativeStudio24\Desktop\Job-spark\server\node_modules\router\index.js:291:5)
2025-12-18T12:41:35.823Z - ERROR: Error: Unknown column 'j.title' in 'field list'
    at PromisePool.query (C:\Users\CreativeStudio24\Desktop\Job-spark\server\node_modules\mysql2\lib\promise\pool.js:36:22)
    at getjobs (C:\Users\CreativeStudio24\Desktop\Job-spark\server\src\api\jobs\get-jobs.js:197:31)
    at Layer.handleRequest (C:\Users\CreativeStudio24\Desktop\Job-spark\server\node_modules\router\lib\layer.js:152:17)
    at next (C:\Users\CreativeStudio24\Desktop\Job-spark\server\node_modules\router\lib\route.js:157:13)
    at Route.dispatch (C:\Users\CreativeStudio24\Desktop\Job-spark\server\node_modules\router\lib\route.js:117:3)
    at handle (C:\Users\CreativeStudio24\Desktop\Job-spark\server\node_modules\router\index.js:435:11)
    at Layer.handleRequest (C:\Users\CreativeStudio24\Desktop\Job-spark\server\node_modules\router\lib\layer.js:152:17)
    at C:\Users\CreativeStudio24\Desktop\Job-spark\server\node_modules\router\index.js:295:15
    at processParams (C:\Users\CreativeStudio24\Desktop\Job-spark\server\node_modules\router\index.js:582:12)
    at next (C:\Users\CreativeStudio24\Desktop\Job-spark\server\node_modules\router\index.js:291:5)
2025-12-18T12:41:35.837Z - ERROR: Error: Unknown column 'j.title' in 'field list'
    at PromisePool.query (C:\Users\CreativeStudio24\Desktop\Job-spark\server\node_modules\mysql2\lib\promise\pool.js:36:22)
    at getjobs (C:\Users\CreativeStudio24\Desktop\Job-spark\server\src\api\jobs\get-jobs.js:197:31)
    at Layer.handleRequest (C:\Users\CreativeStudio24\Desktop\Job-spark\server\node_modules\router\lib\layer.js:152:17)
    at next (C:\Users\CreativeStudio24\Desktop\Job-spark\server\node_modules\router\lib\route.js:157:13)
    at Route.dispatch (C:\Users\CreativeStudio24\Desktop\Job-spark\server\node_modules\router\lib\route.js:117:3)
    at handle (C:\Users\CreativeStudio24\Desktop\Job-spark\server\node_modules\router\index.js:435:11)
    at Layer.handleRequest (C:\Users\CreativeStudio24\Desktop\Job-spark\server\node_modules\router\lib\layer.js:152:17)
    at C:\Users\CreativeStudio24\Desktop\Job-spark\server\node_modules\router\index.js:295:15
    at processParams (C:\Users\CreativeStudio24\Desktop\Job-spark\server\node_modules\router\index.js:582:12)
    at next (C:\Users\CreativeStudio24\Desktop\Job-spark\server\node_modules\router\index.js:291:5)
2025-12-18T12:46:01.229Z - ERROR: Error: Unknown column 'j.title' in 'field list'
    at PromisePool.query (C:\Users\CreativeStudio24\Desktop\Job-spark\server\node_modules\mysql2\lib\promise\pool.js:36:22)
    at getjobs (C:\Users\CreativeStudio24\Desktop\Job-spark\server\src\api\jobs\get-jobs.js:197:31)
    at Layer.handleRequest (C:\Users\CreativeStudio24\Desktop\Job-spark\server\node_modules\router\lib\layer.js:152:17)
    at next (C:\Users\CreativeStudio24\Desktop\Job-spark\server\node_modules\router\lib\route.js:157:13)
    at Route.dispatch (C:\Users\CreativeStudio24\Desktop\Job-spark\server\node_modules\router\lib\route.js:117:3)
    at handle (C:\Users\CreativeStudio24\Desktop\Job-spark\server\node_modules\router\index.js:435:11)
    at Layer.handleRequest (C:\Users\CreativeStudio24\Desktop\Job-spark\server\node_modules\router\lib\layer.js:152:17)
    at C:\Users\CreativeStudio24\Desktop\Job-spark\server\node_modules\router\index.js:295:15
    at processParams (C:\Users\CreativeStudio24\Desktop\Job-spark\server\node_modules\router\index.js:582:12)
    at next (C:\Users\CreativeStudio24\Desktop\Job-spark\server\node_modules\router\index.js:291:5)
2025-12-18T12:46:01.237Z - ERROR: Error: Unknown column 'j.title' in 'field list'
    at PromisePool.query (C:\Users\CreativeStudio24\Desktop\Job-spark\server\node_modules\mysql2\lib\promise\pool.js:36:22)
    at getjobs (C:\Users\CreativeStudio24\Desktop\Job-spark\server\src\api\jobs\get-jobs.js:197:31)
    at Layer.handleRequest (C:\Users\CreativeStudio24\Desktop\Job-spark\server\node_modules\router\lib\layer.js:152:17)
    at next (C:\Users\CreativeStudio24\Desktop\Job-spark\server\node_modules\router\lib\route.js:157:13)
    at Route.dispatch (C:\Users\CreativeStudio24\Desktop\Job-spark\server\node_modules\router\lib\route.js:117:3)
    at handle (C:\Users\CreativeStudio24\Desktop\Job-spark\server\node_modules\router\index.js:435:11)
    at Layer.handleRequest (C:\Users\CreativeStudio24\Desktop\Job-spark\server\node_modules\router\lib\layer.js:152:17)
    at C:\Users\CreativeStudio24\Desktop\Job-spark\server\node_modules\router\index.js:295:15
    at processParams (C:\Users\CreativeStudio24\Desktop\Job-spark\server\node_modules\router\index.js:582:12)
    at next (C:\Users\CreativeStudio24\Desktop\Job-spark\server\node_modules\router\index.js:291:5)
2025-12-18T12:48:36.635Z - ERROR: Error: Unknown column 'j.title' in 'field list'
    at PromisePool.query (C:\Users\CreativeStudio24\Desktop\Job-spark\server\node_modules\mysql2\lib\promise\pool.js:36:22)
    at getjobs (C:\Users\CreativeStudio24\Desktop\Job-spark\server\src\api\jobs\get-jobs.js:197:31)
    at Layer.handleRequest (C:\Users\CreativeStudio24\Desktop\Job-spark\server\node_modules\router\lib\layer.js:152:17)
    at next (C:\Users\CreativeStudio24\Desktop\Job-spark\server\node_modules\router\lib\route.js:157:13)
    at Route.dispatch (C:\Users\CreativeStudio24\Desktop\Job-spark\server\node_modules\router\lib\route.js:117:3)
    at handle (C:\Users\CreativeStudio24\Desktop\Job-spark\server\node_modules\router\index.js:435:11)
    at Layer.handleRequest (C:\Users\CreativeStudio24\Desktop\Job-spark\server\node_modules\router\lib\layer.js:152:17)
    at C:\Users\CreativeStudio24\Desktop\Job-spark\server\node_modules\router\index.js:295:15
    at processParams (C:\Users\CreativeStudio24\Desktop\Job-spark\server\node_modules\router\index.js:582:12)
    at next (C:\Users\CreativeStudio24\Desktop\Job-spark\server\node_modules\router\index.js:291:5)
2025-12-18T12:48:36.666Z - ERROR: Error: Unknown column 'j.title' in 'field list'
    at PromisePool.query (C:\Users\CreativeStudio24\Desktop\Job-spark\server\node_modules\mysql2\lib\promise\pool.js:36:22)
    at getjobs (C:\Users\CreativeStudio24\Desktop\Job-spark\server\src\api\jobs\get-jobs.js:197:31)
    at Layer.handleRequest (C:\Users\CreativeStudio24\Desktop\Job-spark\server\node_modules\router\lib\layer.js:152:17)
    at next (C:\Users\CreativeStudio24\Desktop\Job-spark\server\node_modules\router\lib\route.js:157:13)
    at Route.dispatch (C:\Users\CreativeStudio24\Desktop\Job-spark\server\node_modules\router\lib\route.js:117:3)
    at handle (C:\Users\CreativeStudio24\Desktop\Job-spark\server\node_modules\router\index.js:435:11)
    at Layer.handleRequest (C:\Users\CreativeStudio24\Desktop\Job-spark\server\node_modules\router\lib\layer.js:152:17)
    at C:\Users\CreativeStudio24\Desktop\Job-spark\server\node_modules\router\index.js:295:15
    at processParams (C:\Users\CreativeStudio24\Desktop\Job-spark\server\node_modules\router\index.js:582:12)
    at next (C:\Users\CreativeStudio24\Desktop\Job-spark\server\node_modules\router\index.js:291:5)
2025-12-18T12:48:40.089Z - ERROR: Error: Unknown column 'j.title' in 'field list'
    at PromisePool.query (C:\Users\CreativeStudio24\Desktop\Job-spark\server\node_modules\mysql2\lib\promise\pool.js:36:22)
    at getjobs (C:\Users\CreativeStudio24\Desktop\Job-spark\server\src\api\jobs\get-jobs.js:197:31)
    at Layer.handleRequest (C:\Users\CreativeStudio24\Desktop\Job-spark\server\node_modules\router\lib\layer.js:152:17)
    at next (C:\Users\CreativeStudio24\Desktop\Job-spark\server\node_modules\router\lib\route.js:157:13)
    at Route.dispatch (C:\Users\CreativeStudio24\Desktop\Job-spark\server\node_modules\router\lib\route.js:117:3)
    at handle (C:\Users\CreativeStudio24\Desktop\Job-spark\server\node_modules\router\index.js:435:11)
    at Layer.handleRequest (C:\Users\CreativeStudio24\Desktop\Job-spark\server\node_modules\router\lib\layer.js:152:17)
    at C:\Users\CreativeStudio24\Desktop\Job-spark\server\node_modules\router\index.js:295:15
    at processParams (C:\Users\CreativeStudio24\Desktop\Job-spark\server\node_modules\router\index.js:582:12)
    at next (C:\Users\CreativeStudio24\Desktop\Job-spark\server\node_modules\router\index.js:291:5)
2025-12-18T12:48:40.104Z - ERROR: Error: Unknown column 'j.title' in 'field list'
    at PromisePool.query (C:\Users\CreativeStudio24\Desktop\Job-spark\server\node_modules\mysql2\lib\promise\pool.js:36:22)
    at getjobs (C:\Users\CreativeStudio24\Desktop\Job-spark\server\src\api\jobs\get-jobs.js:197:31)
    at Layer.handleRequest (C:\Users\CreativeStudio24\Desktop\Job-spark\server\node_modules\router\lib\layer.js:152:17)
    at next (C:\Users\CreativeStudio24\Desktop\Job-spark\server\node_modules\router\lib\route.js:157:13)
    at Route.dispatch (C:\Users\CreativeStudio24\Desktop\Job-spark\server\node_modules\router\lib\route.js:117:3)
    at handle (C:\Users\CreativeStudio24\Desktop\Job-spark\server\node_modules\router\index.js:435:11)
    at Layer.handleRequest (C:\Users\CreativeStudio24\Desktop\Job-spark\server\node_modules\router\lib\layer.js:152:17)
    at C:\Users\CreativeStudio24\Desktop\Job-spark\server\node_modules\router\index.js:295:15
    at processParams (C:\Users\CreativeStudio24\Desktop\Job-spark\server\node_modules\router\index.js:582:12)
    at next (C:\Users\CreativeStudio24\Desktop\Job-spark\server\node_modules\router\index.js:291:5)
2025-12-18T12:50:30.043Z - ERROR: Error: Unknown column 'j.title' in 'field list'
    at PromisePool.query (C:\Users\CreativeStudio24\Desktop\Job-spark\server\node_modules\mysql2\lib\promise\pool.js:36:22)
    at getjobs (C:\Users\CreativeStudio24\Desktop\Job-spark\server\src\api\jobs\get-jobs.js:197:31)
    at Layer.handleRequest (C:\Users\CreativeStudio24\Desktop\Job-spark\server\node_modules\router\lib\layer.js:152:17)
    at next (C:\Users\CreativeStudio24\Desktop\Job-spark\server\node_modules\router\lib\route.js:157:13)
    at Route.dispatch (C:\Users\CreativeStudio24\Desktop\Job-spark\server\node_modules\router\lib\route.js:117:3)
    at handle (C:\Users\CreativeStudio24\Desktop\Job-spark\server\node_modules\router\index.js:435:11)
    at Layer.handleRequest (C:\Users\CreativeStudio24\Desktop\Job-spark\server\node_modules\router\lib\layer.js:152:17)
    at C:\Users\CreativeStudio24\Desktop\Job-spark\server\node_modules\router\index.js:295:15
    at processParams (C:\Users\CreativeStudio24\Desktop\Job-spark\server\node_modules\router\index.js:582:12)
    at next (C:\Users\CreativeStudio24\Desktop\Job-spark\server\node_modules\router\index.js:291:5)
2025-12-18T12:50:30.074Z - ERROR: Error: Unknown column 'j.title' in 'field list'
    at PromisePool.query (C:\Users\CreativeStudio24\Desktop\Job-spark\server\node_modules\mysql2\lib\promise\pool.js:36:22)
    at getjobs (C:\Users\CreativeStudio24\Desktop\Job-spark\server\src\api\jobs\get-jobs.js:197:31)
    at Layer.handleRequest (C:\Users\CreativeStudio24\Desktop\Job-spark\server\node_modules\router\lib\layer.js:152:17)
    at next (C:\Users\CreativeStudio24\Desktop\Job-spark\server\node_modules\router\lib\route.js:157:13)
    at Route.dispatch (C:\Users\CreativeStudio24\Desktop\Job-spark\server\node_modules\router\lib\route.js:117:3)
    at handle (C:\Users\CreativeStudio24\Desktop\Job-spark\server\node_modules\router\index.js:435:11)
    at Layer.handleRequest (C:\Users\CreativeStudio24\Desktop\Job-spark\server\node_modules\router\lib\layer.js:152:17)
    at C:\Users\CreativeStudio24\Desktop\Job-spark\server\node_modules\router\index.js:295:15
    at processParams (C:\Users\CreativeStudio24\Desktop\Job-spark\server\node_modules\router\index.js:582:12)
    at next (C:\Users\CreativeStudio24\Desktop\Job-spark\server\node_modules\router\index.js:291:5)
2025-12-18T13:25:37.906Z - ERROR: Error: Unknown column 'j.title' in 'field list'
    at PromisePool.query (C:\Users\CreativeStudio24\Desktop\Job-spark\server\node_modules\mysql2\lib\promise\pool.js:36:22)
    at getjobs (C:\Users\CreativeStudio24\Desktop\Job-spark\server\src\api\jobs\get-jobs.js:197:31)
    at Layer.handleRequest (C:\Users\CreativeStudio24\Desktop\Job-spark\server\node_modules\router\lib\layer.js:152:17)
    at next (C:\Users\CreativeStudio24\Desktop\Job-spark\server\node_modules\router\lib\route.js:157:13)
    at Route.dispatch (C:\Users\CreativeStudio24\Desktop\Job-spark\server\node_modules\router\lib\route.js:117:3)
    at handle (C:\Users\CreativeStudio24\Desktop\Job-spark\server\node_modules\router\index.js:435:11)
    at Layer.handleRequest (C:\Users\CreativeStudio24\Desktop\Job-spark\server\node_modules\router\lib\layer.js:152:17)
    at C:\Users\CreativeStudio24\Desktop\Job-spark\server\node_modules\router\index.js:295:15
    at processParams (C:\Users\CreativeStudio24\Desktop\Job-spark\server\node_modules\router\index.js:582:12)
    at next (C:\Users\CreativeStudio24\Desktop\Job-spark\server\node_modules\router\index.js:291:5)
2025-12-18T13:25:37.974Z - ERROR: Error: Unknown column 'j.title' in 'field list'
    at PromisePool.query (C:\Users\CreativeStudio24\Desktop\Job-spark\server\node_modules\mysql2\lib\promise\pool.js:36:22)
    at getjobs (C:\Users\CreativeStudio24\Desktop\Job-spark\server\src\api\jobs\get-jobs.js:197:31)
    at Layer.handleRequest (C:\Users\CreativeStudio24\Desktop\Job-spark\server\node_modules\router\lib\layer.js:152:17)
    at next (C:\Users\CreativeStudio24\Desktop\Job-spark\server\node_modules\router\lib\route.js:157:13)
    at Route.dispatch (C:\Users\CreativeStudio24\Desktop\Job-spark\server\node_modules\router\lib\route.js:117:3)
    at handle (C:\Users\CreativeStudio24\Desktop\Job-spark\server\node_modules\router\index.js:435:11)
    at Layer.handleRequest (C:\Users\CreativeStudio24\Desktop\Job-spark\server\node_modules\router\lib\layer.js:152:17)
    at C:\Users\CreativeStudio24\Desktop\Job-spark\server\node_modules\router\index.js:295:15
    at processParams (C:\Users\CreativeStudio24\Desktop\Job-spark\server\node_modules\router\index.js:582:12)
    at next (C:\Users\CreativeStudio24\Desktop\Job-spark\server\node_modules\router\index.js:291:5)
2025-12-18T13:46:08.683Z - ERROR: Error: Unknown column 'j.title' in 'field list'
    at PromisePool.query (C:\Users\CreativeStudio24\Desktop\Job-spark\server\node_modules\mysql2\lib\promise\pool.js:36:22)
    at getjobs (C:\Users\CreativeStudio24\Desktop\Job-spark\server\src\api\jobs\get-jobs.js:197:31)
    at Layer.handleRequest (C:\Users\CreativeStudio24\Desktop\Job-spark\server\node_modules\router\lib\layer.js:152:17)
    at next (C:\Users\CreativeStudio24\Desktop\Job-spark\server\node_modules\router\lib\route.js:157:13)
    at Route.dispatch (C:\Users\CreativeStudio24\Desktop\Job-spark\server\node_modules\router\lib\route.js:117:3)
    at handle (C:\Users\CreativeStudio24\Desktop\Job-spark\server\node_modules\router\index.js:435:11)
    at Layer.handleRequest (C:\Users\CreativeStudio24\Desktop\Job-spark\server\node_modules\router\lib\layer.js:152:17)
    at C:\Users\CreativeStudio24\Desktop\Job-spark\server\node_modules\router\index.js:295:15
    at processParams (C:\Users\CreativeStudio24\Desktop\Job-spark\server\node_modules\router\index.js:582:12)
    at next (C:\Users\CreativeStudio24\Desktop\Job-spark\server\node_modules\router\index.js:291:5)
2025-12-18T13:46:09.385Z - ERROR: Error: Unknown column 'j.title' in 'field list'
    at PromisePool.query (C:\Users\CreativeStudio24\Desktop\Job-spark\server\node_modules\mysql2\lib\promise\pool.js:36:22)
    at getjobs (C:\Users\CreativeStudio24\Desktop\Job-spark\server\src\api\jobs\get-jobs.js:197:31)
    at Layer.handleRequest (C:\Users\CreativeStudio24\Desktop\Job-spark\server\node_modules\router\lib\layer.js:152:17)
    at next (C:\Users\CreativeStudio24\Desktop\Job-spark\server\node_modules\router\lib\route.js:157:13)
    at Route.dispatch (C:\Users\CreativeStudio24\Desktop\Job-spark\server\node_modules\router\lib\route.js:117:3)
    at handle (C:\Users\CreativeStudio24\Desktop\Job-spark\server\node_modules\router\index.js:435:11)
    at Layer.handleRequest (C:\Users\CreativeStudio24\Desktop\Job-spark\server\node_modules\router\lib\layer.js:152:17)
    at C:\Users\CreativeStudio24\Desktop\Job-spark\server\node_modules\router\index.js:295:15
    at processParams (C:\Users\CreativeStudio24\Desktop\Job-spark\server\node_modules\router\index.js:582:12)
    at next (C:\Users\CreativeStudio24\Desktop\Job-spark\server\node_modules\router\index.js:291:5)
2025-12-19T08:30:04.102Z - ERROR: Error: connect ENETUNREACH 192.168.29.143:3306
    at PromisePool.query (C:\Users\CreativeStudio24\Desktop\Job-spark\server\node_modules\mysql2\lib\promise\pool.js:36:22)
    at getjobs (C:\Users\CreativeStudio24\Desktop\Job-spark\server\src\api\jobs\get-jobs.js:197:31)
    at Layer.handleRequest (C:\Users\CreativeStudio24\Desktop\Job-spark\server\node_modules\router\lib\layer.js:152:17)
    at next (C:\Users\CreativeStudio24\Desktop\Job-spark\server\node_modules\router\lib\route.js:157:13)
    at Route.dispatch (C:\Users\CreativeStudio24\Desktop\Job-spark\server\node_modules\router\lib\route.js:117:3)
    at handle (C:\Users\CreativeStudio24\Desktop\Job-spark\server\node_modules\router\index.js:435:11)
    at Layer.handleRequest (C:\Users\CreativeStudio24\Desktop\Job-spark\server\node_modules\router\lib\layer.js:152:17)
    at C:\Users\CreativeStudio24\Desktop\Job-spark\server\node_modules\router\index.js:295:15
    at processParams (C:\Users\CreativeStudio24\Desktop\Job-spark\server\node_modules\router\index.js:582:12)
    at next (C:\Users\CreativeStudio24\Desktop\Job-spark\server\node_modules\router\index.js:291:5)
2025-12-19T08:30:04.737Z - ERROR: Error: connect ENETUNREACH 192.168.29.143:3306
    at PromisePool.query (C:\Users\CreativeStudio24\Desktop\Job-spark\server\node_modules\mysql2\lib\promise\pool.js:36:22)
    at getjobs (C:\Users\CreativeStudio24\Desktop\Job-spark\server\src\api\jobs\get-jobs.js:197:31)
    at Layer.handleRequest (C:\Users\CreativeStudio24\Desktop\Job-spark\server\node_modules\router\lib\layer.js:152:17)
    at next (C:\Users\CreativeStudio24\Desktop\Job-spark\server\node_modules\router\lib\route.js:157:13)
    at Route.dispatch (C:\Users\CreativeStudio24\Desktop\Job-spark\server\node_modules\router\lib\route.js:117:3)
    at handle (C:\Users\CreativeStudio24\Desktop\Job-spark\server\node_modules\router\index.js:435:11)
    at Layer.handleRequest (C:\Users\CreativeStudio24\Desktop\Job-spark\server\node_modules\router\lib\layer.js:152:17)
    at C:\Users\CreativeStudio24\Desktop\Job-spark\server\node_modules\router\index.js:295:15
    at processParams (C:\Users\CreativeStudio24\Desktop\Job-spark\server\node_modules\router\index.js:582:12)
    at next (C:\Users\CreativeStudio24\Desktop\Job-spark\server\node_modules\router\index.js:291:5)
2025-12-19T08:35:09.080Z - ERROR: Error: connect ETIMEDOUT
    at PromisePool.query (C:\Users\CreativeStudio24\Desktop\Job-spark\server\node_modules\mysql2\lib\promise\pool.js:36:22)
    at getjobs (C:\Users\CreativeStudio24\Desktop\Job-spark\server\src\api\jobs\get-jobs.js:197:31)
    at Layer.handleRequest (C:\Users\CreativeStudio24\Desktop\Job-spark\server\node_modules\router\lib\layer.js:152:17)
    at next (C:\Users\CreativeStudio24\Desktop\Job-spark\server\node_modules\router\lib\route.js:157:13)
    at Route.dispatch (C:\Users\CreativeStudio24\Desktop\Job-spark\server\node_modules\router\lib\route.js:117:3)
    at handle (C:\Users\CreativeStudio24\Desktop\Job-spark\server\node_modules\router\index.js:435:11)
    at Layer.handleRequest (C:\Users\CreativeStudio24\Desktop\Job-spark\server\node_modules\router\lib\layer.js:152:17)
    at C:\Users\CreativeStudio24\Desktop\Job-spark\server\node_modules\router\index.js:295:15
    at processParams (C:\Users\CreativeStudio24\Desktop\Job-spark\server\node_modules\router\index.js:582:12)
    at next (C:\Users\CreativeStudio24\Desktop\Job-spark\server\node_modules\router\index.js:291:5)
2025-12-19T08:35:09.295Z - ERROR: Error: connect ETIMEDOUT
    at PromisePool.query (C:\Users\CreativeStudio24\Desktop\Job-spark\server\node_modules\mysql2\lib\promise\pool.js:36:22)
    at getjobs (C:\Users\CreativeStudio24\Desktop\Job-spark\server\src\api\jobs\get-jobs.js:197:31)
    at Layer.handleRequest (C:\Users\CreativeStudio24\Desktop\Job-spark\server\node_modules\router\lib\layer.js:152:17)
    at next (C:\Users\CreativeStudio24\Desktop\Job-spark\server\node_modules\router\lib\route.js:157:13)
    at Route.dispatch (C:\Users\CreativeStudio24\Desktop\Job-spark\server\node_modules\router\lib\route.js:117:3)
    at handle (C:\Users\CreativeStudio24\Desktop\Job-spark\server\node_modules\router\index.js:435:11)
    at Layer.handleRequest (C:\Users\CreativeStudio24\Desktop\Job-spark\server\node_modules\router\lib\layer.js:152:17)
    at C:\Users\CreativeStudio24\Desktop\Job-spark\server\node_modules\router\index.js:295:15
    at processParams (C:\Users\CreativeStudio24\Desktop\Job-spark\server\node_modules\router\index.js:582:12)
    at next (C:\Users\CreativeStudio24\Desktop\Job-spark\server\node_modules\router\index.js:291:5)
2025-12-19T08:35:35.375Z - ERROR: Error: connect ETIMEDOUT
    at PromisePool.query (C:\Users\CreativeStudio24\Desktop\Job-spark\server\node_modules\mysql2\lib\promise\pool.js:36:22)
    at getjobs (C:\Users\CreativeStudio24\Desktop\Job-spark\server\src\api\jobs\get-jobs.js:197:31)
    at Layer.handleRequest (C:\Users\CreativeStudio24\Desktop\Job-spark\server\node_modules\router\lib\layer.js:152:17)
    at next (C:\Users\CreativeStudio24\Desktop\Job-spark\server\node_modules\router\lib\route.js:157:13)
    at Route.dispatch (C:\Users\CreativeStudio24\Desktop\Job-spark\server\node_modules\router\lib\route.js:117:3)
    at handle (C:\Users\CreativeStudio24\Desktop\Job-spark\server\node_modules\router\index.js:435:11)
    at Layer.handleRequest (C:\Users\CreativeStudio24\Desktop\Job-spark\server\node_modules\router\lib\layer.js:152:17)
    at C:\Users\CreativeStudio24\Desktop\Job-spark\server\node_modules\router\index.js:295:15
    at processParams (C:\Users\CreativeStudio24\Desktop\Job-spark\server\node_modules\router\index.js:582:12)
    at next (C:\Users\CreativeStudio24\Desktop\Job-spark\server\node_modules\router\index.js:291:5)
2025-12-19T08:35:42.627Z - ERROR: Error: connect ETIMEDOUT
    at PromisePool.query (C:\Users\CreativeStudio24\Desktop\Job-spark\server\node_modules\mysql2\lib\promise\pool.js:36:22)
    at getjobs (C:\Users\CreativeStudio24\Desktop\Job-spark\server\src\api\jobs\get-jobs.js:197:31)
    at Layer.handleRequest (C:\Users\CreativeStudio24\Desktop\Job-spark\server\node_modules\router\lib\layer.js:152:17)
    at next (C:\Users\CreativeStudio24\Desktop\Job-spark\server\node_modules\router\lib\route.js:157:13)
    at Route.dispatch (C:\Users\CreativeStudio24\Desktop\Job-spark\server\node_modules\router\lib\route.js:117:3)
    at handle (C:\Users\CreativeStudio24\Desktop\Job-spark\server\node_modules\router\index.js:435:11)
    at Layer.handleRequest (C:\Users\CreativeStudio24\Desktop\Job-spark\server\node_modules\router\lib\layer.js:152:17)
    at C:\Users\CreativeStudio24\Desktop\Job-spark\server\node_modules\router\index.js:295:15
    at processParams (C:\Users\CreativeStudio24\Desktop\Job-spark\server\node_modules\router\index.js:582:12)
    at next (C:\Users\CreativeStudio24\Desktop\Job-spark\server\node_modules\router\index.js:291:5)
2025-12-20T05:32:36.670Z - ERROR: Error: connect ECONNREFUSED 127.0.0.1:3306
    at PromisePool.query (C:\Users\CreativeStudio24\Desktop\Job-spark\server\node_modules\mysql2\lib\promise\pool.js:36:22)
    at getjobs (C:\Users\CreativeStudio24\Desktop\Job-spark\server\src\api\jobs\get-jobs.js:197:31)
    at Layer.handleRequest (C:\Users\CreativeStudio24\Desktop\Job-spark\server\node_modules\router\lib\layer.js:152:17)
    at next (C:\Users\CreativeStudio24\Desktop\Job-spark\server\node_modules\router\lib\route.js:157:13)
    at Route.dispatch (C:\Users\CreativeStudio24\Desktop\Job-spark\server\node_modules\router\lib\route.js:117:3)
    at handle (C:\Users\CreativeStudio24\Desktop\Job-spark\server\node_modules\router\index.js:435:11)
    at Layer.handleRequest (C:\Users\CreativeStudio24\Desktop\Job-spark\server\node_modules\router\lib\layer.js:152:17)
    at C:\Users\CreativeStudio24\Desktop\Job-spark\server\node_modules\router\index.js:295:15
    at processParams (C:\Users\CreativeStudio24\Desktop\Job-spark\server\node_modules\router\index.js:582:12)
    at next (C:\Users\CreativeStudio24\Desktop\Job-spark\server\node_modules\router\index.js:291:5)
2025-12-20T05:32:36.699Z - ERROR: Error: connect ECONNREFUSED 127.0.0.1:3306
    at PromisePool.query (C:\Users\CreativeStudio24\Desktop\Job-spark\server\node_modules\mysql2\lib\promise\pool.js:36:22)
    at getjobs (C:\Users\CreativeStudio24\Desktop\Job-spark\server\src\api\jobs\get-jobs.js:197:31)
    at Layer.handleRequest (C:\Users\CreativeStudio24\Desktop\Job-spark\server\node_modules\router\lib\layer.js:152:17)
    at next (C:\Users\CreativeStudio24\Desktop\Job-spark\server\node_modules\router\lib\route.js:157:13)
    at Route.dispatch (C:\Users\CreativeStudio24\Desktop\Job-spark\server\node_modules\router\lib\route.js:117:3)
    at handle (C:\Users\CreativeStudio24\Desktop\Job-spark\server\node_modules\router\index.js:435:11)
    at Layer.handleRequest (C:\Users\CreativeStudio24\Desktop\Job-spark\server\node_modules\router\lib\layer.js:152:17)
    at C:\Users\CreativeStudio24\Desktop\Job-spark\server\node_modules\router\index.js:295:15
    at processParams (C:\Users\CreativeStudio24\Desktop\Job-spark\server\node_modules\router\index.js:582:12)
    at next (C:\Users\CreativeStudio24\Desktop\Job-spark\server\node_modules\router\index.js:291:5)
2025-12-20T05:38:04.782Z - ERROR: Error: connect ECONNREFUSED 127.0.0.1:3306
    at PromisePool.query (C:\Users\CreativeStudio24\Desktop\Job-spark\server\node_modules\mysql2\lib\promise\pool.js:36:22)
    at getjobs (C:\Users\CreativeStudio24\Desktop\Job-spark\server\src\api\jobs\get-jobs.js:197:31)
    at Layer.handleRequest (C:\Users\CreativeStudio24\Desktop\Job-spark\server\node_modules\router\lib\layer.js:152:17)
    at next (C:\Users\CreativeStudio24\Desktop\Job-spark\server\node_modules\router\lib\route.js:157:13)
    at Route.dispatch (C:\Users\CreativeStudio24\Desktop\Job-spark\server\node_modules\router\lib\route.js:117:3)
    at handle (C:\Users\CreativeStudio24\Desktop\Job-spark\server\node_modules\router\index.js:435:11)
    at Layer.handleRequest (C:\Users\CreativeStudio24\Desktop\Job-spark\server\node_modules\router\lib\layer.js:152:17)
    at C:\Users\CreativeStudio24\Desktop\Job-spark\server\node_modules\router\index.js:295:15
    at processParams (C:\Users\CreativeStudio24\Desktop\Job-spark\server\node_modules\router\index.js:582:12)
    at next (C:\Users\CreativeStudio24\Desktop\Job-spark\server\node_modules\router\index.js:291:5)
2025-12-20T05:38:04.822Z - ERROR: Error: connect ECONNREFUSED 127.0.0.1:3306
    at PromisePool.query (C:\Users\CreativeStudio24\Desktop\Job-spark\server\node_modules\mysql2\lib\promise\pool.js:36:22)
    at getjobs (C:\Users\CreativeStudio24\Desktop\Job-spark\server\src\api\jobs\get-jobs.js:197:31)
    at Layer.handleRequest (C:\Users\CreativeStudio24\Desktop\Job-spark\server\node_modules\router\lib\layer.js:152:17)
    at next (C:\Users\CreativeStudio24\Desktop\Job-spark\server\node_modules\router\lib\route.js:157:13)
    at Route.dispatch (C:\Users\CreativeStudio24\Desktop\Job-spark\server\node_modules\router\lib\route.js:117:3)
    at handle (C:\Users\CreativeStudio24\Desktop\Job-spark\server\node_modules\router\index.js:435:11)
    at Layer.handleRequest (C:\Users\CreativeStudio24\Desktop\Job-spark\server\node_modules\router\lib\layer.js:152:17)
    at C:\Users\CreativeStudio24\Desktop\Job-spark\server\node_modules\router\index.js:295:15
    at processParams (C:\Users\CreativeStudio24\Desktop\Job-spark\server\node_modules\router\index.js:582:12)
    at next (C:\Users\CreativeStudio24\Desktop\Job-spark\server\node_modules\router\index.js:291:5)
2025-12-20T05:39:34.780Z - ERROR: Error: connect ECONNREFUSED 127.0.0.1:3306
    at PromisePool.query (C:\Users\CreativeStudio24\Desktop\Job-spark\server\node_modules\mysql2\lib\promise\pool.js:36:22)
    at getjobs (C:\Users\CreativeStudio24\Desktop\Job-spark\server\src\api\jobs\get-jobs.js:197:31)
    at Layer.handleRequest (C:\Users\CreativeStudio24\Desktop\Job-spark\server\node_modules\router\lib\layer.js:152:17)
    at next (C:\Users\CreativeStudio24\Desktop\Job-spark\server\node_modules\router\lib\route.js:157:13)
    at Route.dispatch (C:\Users\CreativeStudio24\Desktop\Job-spark\server\node_modules\router\lib\route.js:117:3)
    at handle (C:\Users\CreativeStudio24\Desktop\Job-spark\server\node_modules\router\index.js:435:11)
    at Layer.handleRequest (C:\Users\CreativeStudio24\Desktop\Job-spark\server\node_modules\router\lib\layer.js:152:17)
    at C:\Users\CreativeStudio24\Desktop\Job-spark\server\node_modules\router\index.js:295:15
    at processParams (C:\Users\CreativeStudio24\Desktop\Job-spark\server\node_modules\router\index.js:582:12)
    at next (C:\Users\CreativeStudio24\Desktop\Job-spark\server\node_modules\router\index.js:291:5)
2025-12-20T05:39:34.819Z - ERROR: Error: connect ECONNREFUSED 127.0.0.1:3306
    at PromisePool.query (C:\Users\CreativeStudio24\Desktop\Job-spark\server\node_modules\mysql2\lib\promise\pool.js:36:22)
    at getjobs (C:\Users\CreativeStudio24\Desktop\Job-spark\server\src\api\jobs\get-jobs.js:197:31)
    at Layer.handleRequest (C:\Users\CreativeStudio24\Desktop\Job-spark\server\node_modules\router\lib\layer.js:152:17)
    at next (C:\Users\CreativeStudio24\Desktop\Job-spark\server\node_modules\router\lib\route.js:157:13)
    at Route.dispatch (C:\Users\CreativeStudio24\Desktop\Job-spark\server\node_modules\router\lib\route.js:117:3)
    at handle (C:\Users\CreativeStudio24\Desktop\Job-spark\server\node_modules\router\index.js:435:11)
    at Layer.handleRequest (C:\Users\CreativeStudio24\Desktop\Job-spark\server\node_modules\router\lib\layer.js:152:17)
    at C:\Users\CreativeStudio24\Desktop\Job-spark\server\node_modules\router\index.js:295:15
    at processParams (C:\Users\CreativeStudio24\Desktop\Job-spark\server\node_modules\router\index.js:582:12)
    at next (C:\Users\CreativeStudio24\Desktop\Job-spark\server\node_modules\router\index.js:291:5)
